<?xml version="1.0" encoding="UTF-8"?>
<testsuite xmlns:xsi="http://www.w3.org/2001/XMLSchema-instance" xsi:noNamespaceSchemaLocation="https://maven.apache.org/surefire/maven-surefire-plugin/xsd/surefire-test-report-3.0.xsd" version="3.0" name="com.example.CatTest" time="1.091" tests="4" errors="0" skipped="0" failures="0">
  <properties>
[...]
</properties>
  <testcase name="testGetSound" classname="com.example.CatTest" time="1.024"/>
  <testcase name="testCatConstructorWithPredator" classname="com.example.CatTest" time="0.002"/>
  <testcase name="testGetFood" classname="com.example.CatTest" time="0.056"/>
  <testcase name="testGetFoodThrowsException" classname="com.example.CatTest" time="0.008"/>
</testsuite>